<?xml version="1.0" encoding="UTF-8"?>
<testng-results ignored="0" total="1" passed="1" failed="0" skipped="0">
  <reporter-output>
  </reporter-output>
  <suite started-at="2023-01-10T15:44:48 ART" name="Default suite" finished-at="2023-01-10T15:45:00 ART" duration-ms="11945">
    <groups>
    </groups>
    <test started-at="2023-01-10T15:44:48 ART" name="Default test" finished-at="2023-01-10T15:45:00 ART" duration-ms="11945">
      <class name="cursoAppium.Appiumsv.LongPress">
        <test-method is-config="true" signature="ConfigureAppium()[pri:0, instance:cursoAppium.Appiumsv.LongPress@660acfb]" started-at="2023-01-10T15:44:48 ART" name="ConfigureAppium" finished-at="2023-01-10T15:44:52 ART" duration-ms="4693" status="PASS">
          <reporter-output>
          </reporter-output>
        </test-method> <!-- ConfigureAppium -->
        <test-method signature="LongPressGesture()[pri:0, instance:cursoAppium.Appiumsv.LongPress@660acfb]" started-at="2023-01-10T15:44:52 ART" name="LongPressGesture" finished-at="2023-01-10T15:45:00 ART" duration-ms="7042" status="PASS">
          <reporter-output>
          </reporter-output>
        </test-method> <!-- LongPressGesture -->
        <test-method is-config="true" signature="tearDown()[pri:0, instance:cursoAppium.Appiumsv.LongPress@660acfb]" started-at="2023-01-10T15:45:00 ART" name="tearDown" finished-at="2023-01-10T15:45:00 ART" duration-ms="181" status="PASS">
          <reporter-output>
          </reporter-output>
        </test-method> <!-- tearDown -->
      </class> <!-- cursoAppium.Appiumsv.LongPress -->
    </test> <!-- Default test -->
  </suite> <!-- Default suite -->
</testng-results>
