<?xml version="1.0" encoding="UTF-8"?>
<testng-results ignored="0" total="1" passed="1" failed="0" skipped="0">
  <reporter-output>
  </reporter-output>
  <suite started-at="2023-01-11T11:42:42 ART" name="Default suite" finished-at="2023-01-11T11:43:03 ART" duration-ms="21175">
    <groups>
    </groups>
    <test started-at="2023-01-11T11:42:42 ART" name="Default test" finished-at="2023-01-11T11:43:03 ART" duration-ms="21175">
      <class name="cursoAppium.Appiumsv.ScrollDemo">
        <test-method is-config="true" signature="ConfigureAppium()[pri:0, instance:cursoAppium.Appiumsv.ScrollDemo@69ee81fc]" started-at="2023-01-11T11:42:42 ART" name="ConfigureAppium" finished-at="2023-01-11T11:42:53 ART" duration-ms="11408" status="PASS">
          <reporter-output>
          </reporter-output>
        </test-method> <!-- ConfigureAppium -->
        <test-method signature="ScrollGesture()[pri:0, instance:cursoAppium.Appiumsv.ScrollDemo@69ee81fc]" started-at="2023-01-11T11:42:53 ART" name="ScrollGesture" finished-at="2023-01-11T11:43:03 ART" duration-ms="9431" status="PASS">
          <reporter-output>
          </reporter-output>
        </test-method> <!-- ScrollGesture -->
        <test-method is-config="true" signature="tearDown()[pri:0, instance:cursoAppium.Appiumsv.ScrollDemo@69ee81fc]" started-at="2023-01-11T11:43:03 ART" name="tearDown" finished-at="2023-01-11T11:43:03 ART" duration-ms="307" status="PASS">
          <reporter-output>
          </reporter-output>
        </test-method> <!-- tearDown -->
      </class> <!-- cursoAppium.Appiumsv.ScrollDemo -->
    </test> <!-- Default test -->
  </suite> <!-- Default suite -->
</testng-results>
